TN:
SF:src/grade-school.js
FN:22,GradeSchool
FN:30,roster
FN:39,add
FN:58,grade
FN:70,findAndDelete
FNF:5
FNH:5
FNDA:10,GradeSchool
FNDA:8,roster
FNDA:17,add
FNDA:4,grade
FNDA:17,findAndDelete
DA:1,1
DA:2,1
DA:3,1
DA:4,1
DA:5,1
DA:6,1
DA:7,1
DA:8,1
DA:9,1
DA:10,1
DA:11,1
DA:12,1
DA:13,1
DA:14,1
DA:15,1
DA:16,1
DA:17,1
DA:18,1
DA:19,1
DA:20,1
DA:21,1
DA:22,1
DA:23,10
DA:24,10
DA:25,1
DA:26,1
DA:27,1
DA:28,1
DA:29,1
DA:30,1
DA:31,8
DA:32,1
DA:33,1
DA:34,1
DA:35,1
DA:36,1
DA:37,1
DA:38,1
DA:39,1
DA:40,17
DA:41,0
DA:42,0
DA:43,17
DA:44,17
DA:45,13
DA:46,17
DA:47,4
DA:48,4
DA:49,4
DA:50,1
DA:51,1
DA:52,1
DA:53,1
DA:54,1
DA:55,1
DA:56,1
DA:57,1
DA:58,1
DA:59,4
DA:60,3
DA:61,3
DA:62,1
DA:63,1
DA:64,1
DA:65,1
DA:66,1
DA:67,1
DA:68,1
DA:69,1
DA:70,1
DA:71,17
DA:72,11
DA:73,11
DA:74,11
DA:75,1
DA:76,1
DA:77,11
DA:78,11
DA:79,1
DA:80,1
LF:80
LH:78
BRDA:1,0,0,1
BRDA:22,1,0,10
BRDA:30,2,0,8
BRDA:39,3,0,17
BRDA:40,4,0,0
BRDA:44,5,0,13
BRDA:46,6,0,4
BRDA:58,7,0,4
BRDA:59,8,0,3
BRDA:62,9,0,1
BRDA:70,10,0,17
BRDA:71,11,0,11
BRDA:74,12,0,1
BRF:13
BRH:12
end_of_record
