TN:
SF:src/grade-school.js
FN:9,GradeSchool
FN:17,roster
FN:26,add
FN:42,grade
FN:54,findAndDelete
FNF:5
FNH:5
FNDA:10,GradeSchool
FNDA:8,roster
FNDA:17,add
FNDA:4,grade
FNDA:17,findAndDelete
DA:1,1
DA:2,1
DA:3,1
DA:4,1
DA:5,1
DA:6,1
DA:7,1
DA:8,1
DA:9,1
DA:10,10
DA:11,10
DA:12,1
DA:13,1
DA:14,1
DA:15,1
DA:16,1
DA:17,1
DA:18,8
DA:19,1
DA:20,1
DA:21,1
DA:22,1
DA:23,1
DA:24,1
DA:25,1
DA:26,1
DA:27,17
DA:28,17
DA:29,13
DA:30,17
DA:31,4
DA:32,4
DA:33,4
DA:34,1
DA:35,1
DA:36,1
DA:37,1
DA:38,1
DA:39,1
DA:40,1
DA:41,1
DA:42,1
DA:43,4
DA:44,3
DA:45,3
DA:46,1
DA:47,1
DA:48,1
DA:49,1
DA:50,1
DA:51,1
DA:52,1
DA:53,1
DA:54,1
DA:55,17
DA:56,11
DA:57,11
DA:58,11
DA:59,1
DA:60,1
DA:61,11
DA:62,11
DA:63,1
DA:64,1
LF:64
LH:64
BRDA:1,0,0,1
BRDA:9,1,0,10
BRDA:17,2,0,8
BRDA:26,3,0,17
BRDA:28,4,0,13
BRDA:30,5,0,4
BRDA:42,6,0,4
BRDA:43,7,0,3
BRDA:46,8,0,1
BRDA:54,9,0,17
BRDA:55,10,0,11
BRDA:58,11,0,1
BRF:12
BRH:12
end_of_record
